<?xml version="1.0" encoding="UTF-8"?>
<!-- Generated by org.testng.reporters.JUnitReportReporter -->
<testsuite hostname="Bobimir" name="tests.Test1" tests="1" failures="0" timestamp="11 Jul 2016 20:57:13 GMT" time="1.985" errors="0">
  <testcase name="Task1" time="1.985" classname="tests.Test1"/>
</testsuite> <!-- tests.Test1 -->
