<?xml version="1.0" encoding="UTF-8"?>
<!-- Generated by org.testng.reporters.JUnitReportReporter -->
<testsuite hostname="Bobimir" name="tests.Test3" tests="1" failures="0" timestamp="11 Jul 2016 20:57:13 GMT" time="21.805" errors="0">
  <testcase name="Task3" time="21.805" classname="tests.Test3"/>
</testsuite> <!-- tests.Test3 -->
