<?xml version="1.0" encoding="UTF-8"?>
<!-- Generated by org.testng.reporters.JUnitReportReporter -->
<testsuite hostname="Bobimir" name="tests.Test2" tests="1" failures="0" timestamp="11 Jul 2016 20:57:13 GMT" time="18.643" errors="0">
  <testcase name="Task2" time="18.643" classname="tests.Test2"/>
</testsuite> <!-- tests.Test2 -->
