<?xml version="1.0" encoding="UTF-8"?>
<!-- Generated by org.testng.reporters.JUnitReportReporter -->
<testsuite hostname="Bobimir" name="task.maven.BaseTest" tests="1" failures="0" timestamp="7 Jul 2016 14:27:12 GMT" time="10.463" errors="0">
  <testcase name="testCase1" time="10.463" classname="task.maven.BaseTest"/>
</testsuite> <!-- task.maven.BaseTest -->
