<?xml version="1.0" encoding="UTF-8"?>
<!-- Generated by org.testng.reporters.JUnitReportReporter -->
<testsuite hostname="Bobimir" name="tests.Test4" tests="1" failures="0" timestamp="11 Jul 2016 20:57:13 GMT" time="14.557" errors="0">
  <testcase name="Task4" time="14.557" classname="tests.Test4"/>
</testsuite> <!-- tests.Test4 -->
